# JRE version: OpenJDK Runtime Environment (11.0.8+10) (build 11.0.8+10-b944.6842174)
# Java VM: OpenJDK 64-Bit Server VM (11.0.8+10-b944.6842174, mixed mode, tiered, compressed oops, g1 gc, windows-amd64)
Heap:
 garbage-first heap   total 292864K, used 141598K [0x0000000084400000, 0x0000000100000000)
  region size 1024K, 7 young (7168K), 7 survivors (7168K)
 Metaspace       used 76944K, capacity 78182K, committed 78428K, reserved 1120256K
  class space    used 8179K, capacity 8594K, committed 8704K, reserved 1048576K
GC Heap History (20 events):
Event: 10.861 GC heap after
{Heap after GC invocations=11 (full 0):
 garbage-first heap   total 243712K, used 72192K [0x0000000084400000, 0x0000000100000000)
  region size 1024K, 8 young (8192K), 8 survivors (8192K)
 Metaspace       used 56205K, capacity 56868K, committed 57040K, reserved 1099776K
  class space    used 6274K, capacity 6552K, committed 6656K, reserved 1048576K
}
Event: 11.904 GC heap before
{Heap before GC invocations=11 (full 0):
 garbage-first heap   total 243712K, used 121344K [0x0000000084400000, 0x0000000100000000)
  region size 1024K, 57 young (58368K), 8 survivors (8192K)
 Metaspace       used 59673K, capacity 60405K, committed 60508K, reserved 1103872K
  class space    used 6802K, capacity 7114K, committed 7168K, reserved 1048576K
}
Event: 11.922 GC heap after
{Heap after GC invocations=12 (full 0):
 garbage-first heap   total 243712K, used 74752K [0x0000000084400000, 0x0000000100000000)
  region size 1024K, 2 young (2048K), 2 survivors (2048K)
 Metaspace       used 59673K, capacity 60405K, committed 60508K, reserved 1103872K
  class space    used 6802K, capacity 7114K, committed 7168K, reserved 1048576K
}
Event: 15.984 GC heap before
{Heap before GC invocations=13 (full 0):
 garbage-first heap   total 243712K, used 153600K [0x0000000084400000, 0x0000000100000000)
  region size 1024K, 77 young (78848K), 2 survivors (2048K)
 Metaspace       used 64916K, capacity 65788K, committed 66012K, reserved 1107968K
  class space    used 7167K, capacity 7506K, committed 7552K, reserved 1048576K
}
Event: 16.017 GC heap after
{Heap after GC invocations=14 (full 0):
 garbage-first heap   total 243712K, used 87695K [0x0000000084400000, 0x0000000100000000)
  region size 1024K, 10 young (10240K), 10 survivors (10240K)
 Metaspace       used 64916K, capacity 65788K, committed 66012K, reserved 1107968K
  class space    used 7167K, capacity 7506K, committed 7552K, reserved 1048576K
}
Event: 19.588 GC heap before
{Heap before GC invocations=15 (full 0):
 garbage-first heap   total 243712K, used 168591K [0x0000000084400000, 0x0000000100000000)
  region size 1024K, 88 young (90112K), 10 survivors (10240K)
 Metaspace       used 66723K, capacity 67557K, committed 67676K, reserved 1110016K
  class space    used 7324K, capacity 7643K, committed 7680K, reserved 1048576K
}
Event: 19.636 GC heap after
{Heap after GC invocations=16 (full 0):
 garbage-first heap   total 243712K, used 97558K [0x0000000084400000, 0x0000000100000000)
  region size 1024K, 10 young (10240K), 10 survivors (10240K)
 Metaspace       used 66723K, capacity 67557K, committed 67676K, reserved 1110016K
  class space    used 7324K, capacity 7643K, committed 7680K, reserved 1048576K
}
Event: 22.242 GC heap before
{Heap before GC invocations=16 (full 0):
 garbage-first heap   total 243712K, used 176406K [0x0000000084400000, 0x0000000100000000)
  region size 1024K, 87 young (89088K), 10 survivors (10240K)
 Metaspace       used 68174K, capacity 69449K, committed 69724K, reserved 1112064K
  class space    used 7438K, capacity 7860K, committed 7936K, reserved 1048576K
}
Event: 22.277 GC heap after
{Heap after GC invocations=17 (full 0):
 garbage-first heap   total 243712K, used 106513K [0x0000000084400000, 0x0000000100000000)
  region size 1024K, 9 young (9216K), 9 survivors (9216K)
 Metaspace       used 68174K, capacity 69449K, committed 69724K, reserved 1112064K
  class space    used 7438K, capacity 7860K, committed 7936K, reserved 1048576K
}
Event: 24.870 GC heap before
{Heap before GC invocations=17 (full 0):
 garbage-first heap   total 243712K, used 183313K [0x0000000084400000, 0x0000000100000000)
  region size 1024K, 84 young (86016K), 9 survivors (9216K)
 Metaspace       used 68802K, capacity 69987K, committed 70236K, reserved 1112064K
  class space    used 7460K, capacity 7864K, committed 7936K, reserved 1048576K
}
Event: 24.897 GC heap after
{Heap after GC invocations=18 (full 0):
 garbage-first heap   total 243712K, used 114683K [0x0000000084400000, 0x0000000100000000)
  region size 1024K, 9 young (9216K), 9 survivors (9216K)
 Metaspace       used 68802K, capacity 69987K, committed 70236K, reserved 1112064K
  class space    used 7460K, capacity 7864K, committed 7936K, reserved 1048576K
}
Event: 26.611 GC heap before
{Heap before GC invocations=18 (full 0):
 garbage-first heap   total 243712K, used 188411K [0x0000000084400000, 0x0000000100000000)
  region size 1024K, 81 young (82944K), 9 survivors (9216K)
 Metaspace       used 69516K, capacity 70767K, committed 71004K, reserved 1112064K
  class space    used 7508K, capacity 7931K, committed 7936K, reserved 1048576K
}
Event: 26.631 GC heap after
{Heap after GC invocations=19 (full 0):
 garbage-first heap   total 243712K, used 118001K [0x0000000084400000, 0x0000000100000000)
  region size 1024K, 4 young (4096K), 4 survivors (4096K)
 Metaspace       used 69516K, capacity 70767K, committed 71004K, reserved 1112064K
  class space    used 7508K, capacity 7931K, committed 7936K, reserved 1048576K
}
Event: 28.679 GC heap before
{Heap before GC invocations=19 (full 0):
 garbage-first heap   total 243712K, used 193777K [0x0000000084400000, 0x0000000100000000)
  region size 1024K, 78 young (79872K), 4 survivors (4096K)
 Metaspace       used 76461K, capacity 77701K, committed 77788K, reserved 1118208K
  class space    used 8165K, capacity 8562K, committed 8576K, reserved 1048576K
}
Event: 28.706 GC heap after
{Heap after GC invocations=20 (full 0):
 garbage-first heap   total 243712K, used 122118K [0x0000000084400000, 0x0000000100000000)
  region size 1024K, 8 young (8192K), 8 survivors (8192K)
 Metaspace       used 76461K, capacity 77701K, committed 77788K, reserved 1118208K
  class space    used 8165K, capacity 8562K, committed 8576K, reserved 1048576K
}
Event: 29.834 GC heap before
{Heap before GC invocations=21 (full 0):
 garbage-first heap   total 243712K, used 196870K [0x0000000084400000, 0x0000000100000000)
  region size 1024K, 81 young (82944K), 8 survivors (8192K)
 Metaspace       used 76730K, capacity 77957K, committed 78044K, reserved 1118208K
  class space    used 8176K, capacity 8562K, committed 8576K, reserved 1048576K
}
Event: 29.859 GC heap after
{Heap after GC invocations=22 (full 0):
 garbage-first heap   total 243712K, used 128757K [0x0000000084400000, 0x0000000100000000)
  region size 1024K, 11 young (11264K), 11 survivors (11264K)
 Metaspace       used 76730K, capacity 77957K, committed 78044K, reserved 1118208K
  class space    used 8176K, capacity 8562K, committed 8576K, reserved 1048576K
}
Event: 30.761 GC heap before
{Heap before GC invocations=22 (full 0):
 garbage-first heap   total 243712K, used 199413K [0x0000000084400000, 0x0000000100000000)
  region size 1024K, 80 young (81920K), 11 survivors (11264K)
 Metaspace       used 76919K, capacity 78182K, committed 78428K, reserved 1120256K
  class space    used 8179K, capacity 8594K, committed 8704K, reserved 1048576K
}
Event: 30.818 GC heap after
{Heap after GC invocations=23 (full 0):
 garbage-first heap   total 243712K, used 134804K [0x0000000084400000, 0x0000000100000000)
  region size 1024K, 6 young (6144K), 6 survivors (6144K)
 Metaspace       used 76919K, capacity 78182K, committed 78428K, reserved 1120256K
  class space    used 8179K, capacity 8594K, committed 8704K, reserved 1048576K
}
Event: 31.761 GC heap before
{Heap before GC invocations=24 (full 0):
 garbage-first heap   total 243712K, used 201364K [0x0000000084400000, 0x0000000100000000)
  region size 1024K, 71 young (72704K), 6 survivors (6144K)
 Metaspace       used 76944K, capacity 78182K, committed 78428K, reserved 1120256K
  class space    used 8179K, capacity 8594K, committed 8704K, reserved 1048576K
}

