# JRE version: OpenJDK Runtime Environment (11.0.8+10) (build 11.0.8+10-b944.6842174)
# Java VM: OpenJDK 64-Bit Server VM (11.0.8+10-b944.6842174, mixed mode, tiered, compressed oops, g1 gc, windows-amd64)
Heap:
 garbage-first heap   total 342016K, used 106149K [0x0000000084400000, 0x0000000100000000)
  region size 1024K, 9 young (9216K), 9 survivors (9216K)
 Metaspace       used 68331K, capacity 69532K, committed 69852K, reserved 1112064K
  class space    used 7451K, capacity 7864K, committed 7948K, reserved 1048576K
GC Heap History (20 events):
Event: 1.470 GC heap after
{Heap after GC invocations=4 (full 0):
 garbage-first heap   total 126976K, used 24377K [0x0000000084400000, 0x0000000100000000)
  region size 1024K, 8 young (8192K), 8 survivors (8192K)
 Metaspace       used 30774K, capacity 31231K, committed 31484K, reserved 1077248K
  class space    used 3608K, capacity 3799K, committed 3840K, reserved 1048576K
}
Event: 1.687 GC heap before
{Heap before GC invocations=4 (full 0):
 garbage-first heap   total 126976K, used 46905K [0x0000000084400000, 0x0000000100000000)
  region size 1024K, 31 young (31744K), 8 survivors (8192K)
 Metaspace       used 35473K, capacity 35941K, committed 36048K, reserved 1081344K
  class space    used 4136K, capacity 4322K, committed 4352K, reserved 1048576K
}
Event: 1.700 GC heap after
{Heap after GC invocations=5 (full 0):
 garbage-first heap   total 126976K, used 24587K [0x0000000084400000, 0x0000000100000000)
  region size 1024K, 3 young (3072K), 3 survivors (3072K)
 Metaspace       used 35473K, capacity 35941K, committed 36048K, reserved 1081344K
  class space    used 4136K, capacity 4322K, committed 4352K, reserved 1048576K
}
Event: 2.260 GC heap before
{Heap before GC invocations=6 (full 0):
 garbage-first heap   total 126976K, used 73739K [0x0000000084400000, 0x0000000100000000)
  region size 1024K, 49 young (50176K), 3 survivors (3072K)
 Metaspace       used 44981K, capacity 45539K, committed 45724K, reserved 1089536K
  class space    used 5253K, capacity 5447K, committed 5580K, reserved 1048576K
}
Event: 2.268 GC heap after
{Heap after GC invocations=7 (full 0):
 garbage-first heap   total 163840K, used 31744K [0x0000000084400000, 0x0000000100000000)
  region size 1024K, 7 young (7168K), 7 survivors (7168K)
 Metaspace       used 44981K, capacity 45539K, committed 45724K, reserved 1089536K
  class space    used 5253K, capacity 5447K, committed 5580K, reserved 1048576K
}
Event: 2.842 GC heap before
{Heap before GC invocations=7 (full 0):
 garbage-first heap   total 163840K, used 92160K [0x0000000084400000, 0x0000000100000000)
  region size 1024K, 65 young (66560K), 7 survivors (7168K)
 Metaspace       used 50292K, capacity 50966K, committed 51100K, reserved 1093632K
  class space    used 5785K, capacity 6066K, committed 6092K, reserved 1048576K
}
Event: 2.851 GC heap after
{Heap after GC invocations=8 (full 0):
 garbage-first heap   total 163840K, used 38539K [0x0000000084400000, 0x0000000100000000)
  region size 1024K, 7 young (7168K), 7 survivors (7168K)
 Metaspace       used 50292K, capacity 50966K, committed 51100K, reserved 1093632K
  class space    used 5785K, capacity 6066K, committed 6092K, reserved 1048576K
}
Event: 4.395 GC heap before
{Heap before GC invocations=8 (full 0):
 garbage-first heap   total 163840K, used 99979K [0x0000000084400000, 0x0000000100000000)
  region size 1024K, 67 young (68608K), 7 survivors (7168K)
 Metaspace       used 54860K, capacity 55498K, committed 55580K, reserved 1097728K
  class space    used 6150K, capacity 6417K, committed 6476K, reserved 1048576K
}
Event: 4.439 GC heap after
{Heap after GC invocations=9 (full 0):
 garbage-first heap   total 163840K, used 51200K [0x0000000084400000, 0x0000000100000000)
  region size 1024K, 9 young (9216K), 9 survivors (9216K)
 Metaspace       used 54860K, capacity 55498K, committed 55580K, reserved 1097728K
  class space    used 6150K, capacity 6417K, committed 6476K, reserved 1048576K
}
Event: 5.530 GC heap before
{Heap before GC invocations=9 (full 0):
 garbage-first heap   total 163840K, used 109568K [0x0000000084400000, 0x0000000100000000)
  region size 1024K, 66 young (67584K), 9 survivors (9216K)
 Metaspace       used 55278K, capacity 55948K, committed 56092K, reserved 1099776K
  class space    used 6160K, capacity 6417K, committed 6476K, reserved 1048576K
}
Event: 5.581 GC heap after
{Heap after GC invocations=10 (full 0):
 garbage-first heap   total 163840K, used 61952K [0x0000000084400000, 0x0000000100000000)
  region size 1024K, 9 young (9216K), 9 survivors (9216K)
 Metaspace       used 55278K, capacity 55948K, committed 56092K, reserved 1099776K
  class space    used 6160K, capacity 6417K, committed 6476K, reserved 1048576K
}
Event: 6.267 GC heap before
{Heap before GC invocations=10 (full 0):
 garbage-first heap   total 163840K, used 116224K [0x0000000084400000, 0x0000000100000000)
  region size 1024K, 62 young (63488K), 9 survivors (9216K)
 Metaspace       used 56190K, capacity 56867K, committed 56988K, reserved 1099776K
  class space    used 6269K, capacity 6551K, committed 6604K, reserved 1048576K
}
Event: 6.338 GC heap after
{Heap after GC invocations=11 (full 0):
 garbage-first heap   total 247808K, used 71168K [0x0000000084400000, 0x0000000100000000)
  region size 1024K, 8 young (8192K), 8 survivors (8192K)
 Metaspace       used 56190K, capacity 56867K, committed 56988K, reserved 1099776K
  class space    used 6269K, capacity 6551K, committed 6604K, reserved 1048576K
}
Event: 7.526 GC heap before
{Heap before GC invocations=11 (full 0):
 garbage-first heap   total 247808K, used 125440K [0x0000000084400000, 0x0000000100000000)
  region size 1024K, 62 young (63488K), 8 survivors (8192K)
 Metaspace       used 59810K, capacity 60535K, committed 60636K, reserved 1103872K
  class space    used 6803K, capacity 7114K, committed 7180K, reserved 1048576K
}
Event: 7.544 GC heap after
{Heap after GC invocations=12 (full 0):
 garbage-first heap   total 247808K, used 74060K [0x0000000084400000, 0x0000000100000000)
  region size 1024K, 3 young (3072K), 3 survivors (3072K)
 Metaspace       used 59810K, capacity 60535K, committed 60636K, reserved 1103872K
  class space    used 6803K, capacity 7114K, committed 7180K, reserved 1048576K
}
Event: 11.345 GC heap before
{Heap before GC invocations=13 (full 0):
 garbage-first heap   total 247808K, used 153932K [0x0000000084400000, 0x0000000100000000)
  region size 1024K, 79 young (80896K), 3 survivors (3072K)
 Metaspace       used 65038K, capacity 65918K, committed 66140K, reserved 1107968K
  class space    used 7167K, capacity 7506K, committed 7564K, reserved 1048576K
}
Event: 11.373 GC heap after
{Heap after GC invocations=14 (full 0):
 garbage-first heap   total 247808K, used 86691K [0x0000000084400000, 0x0000000100000000)
  region size 1024K, 10 young (10240K), 10 survivors (10240K)
 Metaspace       used 65038K, capacity 65918K, committed 66140K, reserved 1107968K
  class space    used 7167K, capacity 7506K, committed 7564K, reserved 1048576K
}
Event: 14.152 GC heap before
{Heap before GC invocations=15 (full 0):
 garbage-first heap   total 247808K, used 177827K [0x0000000084400000, 0x0000000100000000)
  region size 1024K, 98 young (100352K), 10 survivors (10240K)
 Metaspace       used 66873K, capacity 67706K, committed 67804K, reserved 1110016K
  class space    used 7326K, capacity 7646K, committed 7692K, reserved 1048576K
}
Event: 14.191 GC heap after
{Heap after GC invocations=16 (full 0):
 garbage-first heap   total 247808K, used 97233K [0x0000000084400000, 0x0000000100000000)
  region size 1024K, 10 young (10240K), 10 survivors (10240K)
 Metaspace       used 66873K, capacity 67706K, committed 67804K, reserved 1110016K
  class space    used 7326K, capacity 7646K, committed 7692K, reserved 1048576K
}
Event: 17.128 GC heap before
{Heap before GC invocations=16 (full 0):
 garbage-first heap   total 247808K, used 180177K [0x0000000084400000, 0x0000000100000000)
  region size 1024K, 91 young (93184K), 10 survivors (10240K)
 Metaspace       used 68331K, capacity 69532K, committed 69852K, reserved 1112064K
  class space    used 7451K, capacity 7864K, committed 7948K, reserved 1048576K
}

