# JRE version: OpenJDK Runtime Environment (11.0.8+10) (build 11.0.8+10-b944.6842174)
# Java VM: OpenJDK 64-Bit Server VM (11.0.8+10-b944.6842174, mixed mode, tiered, compressed oops, g1 gc, windows-amd64)
Heap:
 garbage-first heap   total 250880K, used 107886K [0x0000000084400000, 0x0000000100000000)
  region size 1024K, 7 young (7168K), 7 survivors (7168K)
 Metaspace       used 68367K, capacity 69595K, committed 69724K, reserved 1112064K
  class space    used 7449K, capacity 7864K, committed 7936K, reserved 1048576K
GC Heap History (20 events):
Event: 1.686 GC heap after
{Heap after GC invocations=5 (full 0):
 garbage-first heap   total 126976K, used 24840K [0x0000000084400000, 0x0000000100000000)
  region size 1024K, 3 young (3072K), 3 survivors (3072K)
 Metaspace       used 35484K, capacity 35940K, committed 36048K, reserved 1081344K
  class space    used 4135K, capacity 4322K, committed 4352K, reserved 1048576K
}
Event: 2.252 GC heap before
{Heap before GC invocations=6 (full 0):
 garbage-first heap   total 126976K, used 73992K [0x0000000084400000, 0x0000000100000000)
  region size 1024K, 49 young (50176K), 3 survivors (3072K)
 Metaspace       used 44878K, capacity 45380K, committed 45648K, reserved 1089536K
  class space    used 5242K, capacity 5415K, committed 5504K, reserved 1048576K
}
Event: 2.261 GC heap after
{Heap after GC invocations=7 (full 0):
 garbage-first heap   total 161792K, used 31744K [0x0000000084400000, 0x0000000100000000)
  region size 1024K, 7 young (7168K), 7 survivors (7168K)
 Metaspace       used 44878K, capacity 45380K, committed 45648K, reserved 1089536K
  class space    used 5242K, capacity 5415K, committed 5504K, reserved 1048576K
}
Event: 2.865 GC heap before
{Heap before GC invocations=7 (full 0):
 garbage-first heap   total 161792K, used 92160K [0x0000000084400000, 0x0000000100000000)
  region size 1024K, 65 young (66560K), 7 survivors (7168K)
 Metaspace       used 50312K, capacity 50967K, committed 51152K, reserved 1093632K
  class space    used 5784K, capacity 6066K, committed 6144K, reserved 1048576K
}
Event: 2.877 GC heap after
{Heap after GC invocations=8 (full 0):
 garbage-first heap   total 161792K, used 38543K [0x0000000084400000, 0x0000000100000000)
  region size 1024K, 7 young (7168K), 7 survivors (7168K)
 Metaspace       used 50312K, capacity 50967K, committed 51152K, reserved 1093632K
  class space    used 5784K, capacity 6066K, committed 6144K, reserved 1048576K
}
Event: 3.873 GC heap before
{Heap before GC invocations=8 (full 0):
 garbage-first heap   total 161792K, used 99983K [0x0000000084400000, 0x0000000100000000)
  region size 1024K, 67 young (68608K), 7 survivors (7168K)
 Metaspace       used 54762K, capacity 55434K, committed 55632K, reserved 1097728K
  class space    used 6150K, capacity 6417K, committed 6528K, reserved 1048576K
}
Event: 3.893 GC heap after
{Heap after GC invocations=9 (full 0):
 garbage-first heap   total 161792K, used 51200K [0x0000000084400000, 0x0000000100000000)
  region size 1024K, 9 young (9216K), 9 survivors (9216K)
 Metaspace       used 54762K, capacity 55434K, committed 55632K, reserved 1097728K
  class space    used 6150K, capacity 6417K, committed 6528K, reserved 1048576K
}
Event: 4.373 GC heap before
{Heap before GC invocations=9 (full 0):
 garbage-first heap   total 161792K, used 108544K [0x0000000084400000, 0x0000000100000000)
  region size 1024K, 65 young (66560K), 9 survivors (9216K)
 Metaspace       used 55210K, capacity 55884K, committed 56144K, reserved 1099776K
  class space    used 6159K, capacity 6417K, committed 6528K, reserved 1048576K
}
Event: 4.396 GC heap after
{Heap after GC invocations=10 (full 0):
 garbage-first heap   total 161792K, used 61952K [0x0000000084400000, 0x0000000100000000)
  region size 1024K, 9 young (9216K), 9 survivors (9216K)
 Metaspace       used 55210K, capacity 55884K, committed 56144K, reserved 1099776K
  class space    used 6159K, capacity 6417K, committed 6528K, reserved 1048576K
}
Event: 4.614 GC heap before
{Heap before GC invocations=10 (full 0):
 garbage-first heap   total 161792K, used 114176K [0x0000000084400000, 0x0000000100000000)
  region size 1024K, 60 young (61440K), 9 survivors (9216K)
 Metaspace       used 55759K, capacity 56396K, committed 56656K, reserved 1099776K
  class space    used 6224K, capacity 6481K, committed 6528K, reserved 1048576K
}
Event: 4.636 GC heap after
{Heap after GC invocations=11 (full 0):
 garbage-first heap   total 208896K, used 70656K [0x0000000084400000, 0x0000000100000000)
  region size 1024K, 8 young (8192K), 8 survivors (8192K)
 Metaspace       used 55759K, capacity 56396K, committed 56656K, reserved 1099776K
  class space    used 6224K, capacity 6481K, committed 6528K, reserved 1048576K
}
Event: 5.142 GC heap before
{Heap before GC invocations=11 (full 0):
 garbage-first heap   total 208896K, used 128000K [0x0000000084400000, 0x0000000100000000)
  region size 1024K, 65 young (66560K), 8 survivors (8192K)
 Metaspace       used 59653K, capacity 60407K, committed 60508K, reserved 1103872K
  class space    used 6798K, capacity 7114K, committed 7168K, reserved 1048576K
}
Event: 5.150 GC heap after
{Heap after GC invocations=12 (full 0):
 garbage-first heap   total 208896K, used 74027K [0x0000000084400000, 0x0000000100000000)
  region size 1024K, 3 young (3072K), 3 survivors (3072K)
 Metaspace       used 59653K, capacity 60407K, committed 60508K, reserved 1103872K
  class space    used 6798K, capacity 7114K, committed 7168K, reserved 1048576K
}
Event: 6.791 GC heap before
{Heap before GC invocations=13 (full 0):
 garbage-first heap   total 208896K, used 143659K [0x0000000084400000, 0x0000000100000000)
  region size 1024K, 69 young (70656K), 3 survivors (3072K)
 Metaspace       used 64672K, capacity 65566K, committed 65756K, reserved 1107968K
  class space    used 7150K, capacity 7474K, committed 7552K, reserved 1048576K
}
Event: 6.806 GC heap after
{Heap after GC invocations=14 (full 0):
 garbage-first heap   total 208896K, used 86016K [0x0000000084400000, 0x0000000100000000)
  region size 1024K, 9 young (9216K), 9 survivors (9216K)
 Metaspace       used 64672K, capacity 65566K, committed 65756K, reserved 1107968K
  class space    used 7150K, capacity 7474K, committed 7552K, reserved 1048576K
}
Event: 8.043 GC heap before
{Heap before GC invocations=15 (full 0):
 garbage-first heap   total 208896K, used 153600K [0x0000000084400000, 0x0000000100000000)
  region size 1024K, 74 young (75776K), 9 survivors (9216K)
 Metaspace       used 65950K, capacity 66833K, committed 67036K, reserved 1110016K
  class space    used 7200K, capacity 7509K, committed 7552K, reserved 1048576K
}
Event: 8.059 GC heap after
{Heap after GC invocations=16 (full 0):
 garbage-first heap   total 208896K, used 94798K [0x0000000084400000, 0x0000000100000000)
  region size 1024K, 9 young (9216K), 9 survivors (9216K)
 Metaspace       used 65950K, capacity 66833K, committed 67036K, reserved 1110016K
  class space    used 7200K, capacity 7509K, committed 7552K, reserved 1048576K
}
Event: 9.077 GC heap before
{Heap before GC invocations=16 (full 0):
 garbage-first heap   total 208896K, used 156238K [0x0000000084400000, 0x0000000100000000)
  region size 1024K, 69 young (70656K), 9 survivors (9216K)
 Metaspace       used 67746K, capacity 68988K, committed 69212K, reserved 1110016K
  class space    used 7432K, capacity 7821K, committed 7936K, reserved 1048576K
}
Event: 9.090 GC heap after
{Heap after GC invocations=17 (full 0):
 garbage-first heap   total 208896K, used 100722K [0x0000000084400000, 0x0000000100000000)
  region size 1024K, 7 young (7168K), 7 survivors (7168K)
 Metaspace       used 67746K, capacity 68988K, committed 69212K, reserved 1110016K
  class space    used 7432K, capacity 7821K, committed 7936K, reserved 1048576K
}
Event: 10.142 GC heap before
{Heap before GC invocations=17 (full 0):
 garbage-first heap   total 208896K, used 161138K [0x0000000084400000, 0x0000000100000000)
  region size 1024K, 66 young (67584K), 7 survivors (7168K)
 Metaspace       used 68367K, capacity 69595K, committed 69724K, reserved 1112064K
  class space    used 7449K, capacity 7864K, committed 7936K, reserved 1048576K
}

