# JRE version: OpenJDK Runtime Environment (11.0.8+10) (build 11.0.8+10-b944.6842174)
# Java VM: OpenJDK 64-Bit Server VM (11.0.8+10-b944.6842174, mixed mode, tiered, compressed oops, g1 gc, windows-amd64)
Heap:
 garbage-first heap   total 210944K, used 134058K [0x0000000084400000, 0x0000000100000000)
  region size 1024K, 49 young (50176K), 8 survivors (8192K)
 Metaspace       used 67695K, capacity 68917K, committed 69212K, reserved 1110016K
  class space    used 7431K, capacity 7820K, committed 7936K, reserved 1048576K
GC Heap History (20 events):
Event: 1.409 GC heap before
{Heap before GC invocations=3 (full 0):
 garbage-first heap   total 126976K, used 73013K [0x0000000084400000, 0x0000000100000000)
  region size 1024K, 57 young (58368K), 7 survivors (7168K)
 Metaspace       used 30758K, capacity 31231K, committed 31484K, reserved 1077248K
  class space    used 3609K, capacity 3799K, committed 3840K, reserved 1048576K
}
Event: 1.422 GC heap after
{Heap after GC invocations=4 (full 0):
 garbage-first heap   total 126976K, used 24380K [0x0000000084400000, 0x0000000100000000)
  region size 1024K, 8 young (8192K), 8 survivors (8192K)
 Metaspace       used 30758K, capacity 31231K, committed 31484K, reserved 1077248K
  class space    used 3609K, capacity 3799K, committed 3840K, reserved 1048576K
}
Event: 1.643 GC heap before
{Heap before GC invocations=4 (full 0):
 garbage-first heap   total 126976K, used 46908K [0x0000000084400000, 0x0000000100000000)
  region size 1024K, 31 young (31744K), 8 survivors (8192K)
 Metaspace       used 35472K, capacity 35939K, committed 36048K, reserved 1081344K
  class space    used 4138K, capacity 4322K, committed 4352K, reserved 1048576K
}
Event: 1.656 GC heap after
{Heap after GC invocations=5 (full 0):
 garbage-first heap   total 126976K, used 25362K [0x0000000084400000, 0x0000000100000000)
  region size 1024K, 3 young (3072K), 3 survivors (3072K)
 Metaspace       used 35472K, capacity 35939K, committed 36048K, reserved 1081344K
  class space    used 4138K, capacity 4322K, committed 4352K, reserved 1048576K
}
Event: 2.208 GC heap before
{Heap before GC invocations=6 (full 0):
 garbage-first heap   total 126976K, used 73490K [0x0000000084400000, 0x0000000100000000)
  region size 1024K, 48 young (49152K), 3 survivors (3072K)
 Metaspace       used 44945K, capacity 45475K, committed 45648K, reserved 1089536K
  class space    used 5254K, capacity 5447K, committed 5504K, reserved 1048576K
}
Event: 2.217 GC heap after
{Heap after GC invocations=7 (full 0):
 garbage-first heap   total 163840K, used 32256K [0x0000000084400000, 0x0000000100000000)
  region size 1024K, 6 young (6144K), 6 survivors (6144K)
 Metaspace       used 44945K, capacity 45475K, committed 45648K, reserved 1089536K
  class space    used 5254K, capacity 5447K, committed 5504K, reserved 1048576K
}
Event: 2.804 GC heap before
{Heap before GC invocations=7 (full 0):
 garbage-first heap   total 163840K, used 94720K [0x0000000084400000, 0x0000000100000000)
  region size 1024K, 66 young (67584K), 6 survivors (6144K)
 Metaspace       used 50432K, capacity 51096K, committed 51408K, reserved 1095680K
  class space    used 5813K, capacity 6066K, committed 6144K, reserved 1048576K
}
Event: 2.814 GC heap after
{Heap after GC invocations=8 (full 0):
 garbage-first heap   total 163840K, used 39076K [0x0000000084400000, 0x0000000100000000)
  region size 1024K, 9 young (9216K), 9 survivors (9216K)
 Metaspace       used 50432K, capacity 51096K, committed 51408K, reserved 1095680K
  class space    used 5813K, capacity 6066K, committed 6144K, reserved 1048576K
}
Event: 3.774 GC heap before
{Heap before GC invocations=8 (full 0):
 garbage-first heap   total 163840K, used 102564K [0x0000000084400000, 0x0000000100000000)
  region size 1024K, 71 young (72704K), 9 survivors (9216K)
 Metaspace       used 54856K, capacity 55499K, committed 55632K, reserved 1097728K
  class space    used 6155K, capacity 6417K, committed 6528K, reserved 1048576K
}
Event: 3.795 GC heap after
{Heap after GC invocations=9 (full 0):
 garbage-first heap   total 163840K, used 52224K [0x0000000084400000, 0x0000000100000000)
  region size 1024K, 9 young (9216K), 9 survivors (9216K)
 Metaspace       used 54856K, capacity 55499K, committed 55632K, reserved 1097728K
  class space    used 6155K, capacity 6417K, committed 6528K, reserved 1048576K
}
Event: 4.181 GC heap before
{Heap before GC invocations=9 (full 0):
 garbage-first heap   total 163840K, used 111616K [0x0000000084400000, 0x0000000100000000)
  region size 1024K, 67 young (68608K), 9 survivors (9216K)
 Metaspace       used 55227K, capacity 55884K, committed 56144K, reserved 1099776K
  class space    used 6161K, capacity 6417K, committed 6528K, reserved 1048576K
}
Event: 4.204 GC heap after
{Heap after GC invocations=10 (full 0):
 garbage-first heap   total 163840K, used 62464K [0x0000000084400000, 0x0000000100000000)
  region size 1024K, 9 young (9216K), 9 survivors (9216K)
 Metaspace       used 55227K, capacity 55884K, committed 56144K, reserved 1099776K
  class space    used 6161K, capacity 6417K, committed 6528K, reserved 1048576K
}
Event: 4.472 GC heap before
{Heap before GC invocations=10 (full 0):
 garbage-first heap   total 163840K, used 116736K [0x0000000084400000, 0x0000000100000000)
  region size 1024K, 62 young (63488K), 9 survivors (9216K)
 Metaspace       used 56214K, capacity 56870K, committed 57040K, reserved 1099776K
  class space    used 6276K, capacity 6552K, committed 6656K, reserved 1048576K
}
Event: 4.493 GC heap after
{Heap after GC invocations=11 (full 0):
 garbage-first heap   total 210944K, used 71168K [0x0000000084400000, 0x0000000100000000)
  region size 1024K, 8 young (8192K), 8 survivors (8192K)
 Metaspace       used 56214K, capacity 56870K, committed 57040K, reserved 1099776K
  class space    used 6276K, capacity 6552K, committed 6656K, reserved 1048576K
}
Event: 4.921 GC heap before
{Heap before GC invocations=11 (full 0):
 garbage-first heap   total 210944K, used 119296K [0x0000000084400000, 0x0000000100000000)
  region size 1024K, 56 young (57344K), 8 survivors (8192K)
 Metaspace       used 59681K, capacity 60407K, committed 60508K, reserved 1103872K
  class space    used 6804K, capacity 7114K, committed 7168K, reserved 1048576K
}
Event: 4.929 GC heap after
{Heap after GC invocations=12 (full 0):
 garbage-first heap   total 210944K, used 72944K [0x0000000084400000, 0x0000000100000000)
  region size 1024K, 2 young (2048K), 2 survivors (2048K)
 Metaspace       used 59681K, capacity 60407K, committed 60508K, reserved 1103872K
  class space    used 6804K, capacity 7114K, committed 7168K, reserved 1048576K
}
Event: 6.559 GC heap before
{Heap before GC invocations=13 (full 0):
 garbage-first heap   total 210944K, used 142576K [0x0000000084400000, 0x0000000100000000)
  region size 1024K, 68 young (69632K), 2 survivors (2048K)
 Metaspace       used 64757K, capacity 65631K, committed 65756K, reserved 1107968K
  class space    used 7152K, capacity 7474K, committed 7552K, reserved 1048576K
}
Event: 6.575 GC heap after
{Heap after GC invocations=14 (full 0):
 garbage-first heap   total 210944K, used 84992K [0x0000000084400000, 0x0000000100000000)
  region size 1024K, 9 young (9216K), 9 survivors (9216K)
 Metaspace       used 64757K, capacity 65631K, committed 65756K, reserved 1107968K
  class space    used 7152K, capacity 7474K, committed 7552K, reserved 1048576K
}
Event: 7.766 GC heap before
{Heap before GC invocations=15 (full 0):
 garbage-first heap   total 210944K, used 152576K [0x0000000084400000, 0x0000000100000000)
  region size 1024K, 74 young (75776K), 9 survivors (9216K)
 Metaspace       used 66011K, capacity 66868K, committed 67036K, reserved 1110016K
  class space    used 7203K, capacity 7541K, committed 7552K, reserved 1048576K
}
Event: 7.784 GC heap after
{Heap after GC invocations=16 (full 0):
 garbage-first heap   total 210944K, used 93098K [0x0000000084400000, 0x0000000100000000)
  region size 1024K, 8 young (8192K), 8 survivors (8192K)
 Metaspace       used 66011K, capacity 66868K, committed 67036K, reserved 1110016K
  class space    used 7203K, capacity 7541K, committed 7552K, reserved 1048576K
}

