# JRE version: OpenJDK Runtime Environment (11.0.8+10) (build 11.0.8+10-b944.6842174)
# Java VM: OpenJDK 64-Bit Server VM (11.0.8+10-b944.6842174, mixed mode, tiered, compressed oops, g1 gc, windows-amd64)
Heap:
 garbage-first heap   total 218112K, used 113664K [0x0000000084400000, 0x0000000100000000)
  region size 1024K, 50 young (51200K), 8 survivors (8192K)
 Metaspace       used 59368K, capacity 60102K, committed 60368K, reserved 1101824K
  class space    used 6774K, capacity 7077K, committed 7168K, reserved 1048576K
GC Heap History (18 events):
Event: 0.370 GC heap before
{Heap before GC invocations=0 (full 0):
 garbage-first heap   total 126976K, used 27648K [0x0000000084400000, 0x0000000100000000)
  region size 1024K, 24 young (24576K), 0 survivors (0K)
 Metaspace       used 12198K, capacity 12277K, committed 12544K, reserved 1060864K
  class space    used 1139K, capacity 1174K, committed 1280K, reserved 1048576K
}
Event: 0.373 GC heap after
{Heap after GC invocations=1 (full 0):
 garbage-first heap   total 126976K, used 6072K [0x0000000084400000, 0x0000000100000000)
  region size 1024K, 3 young (3072K), 3 survivors (3072K)
 Metaspace       used 12198K, capacity 12277K, committed 12544K, reserved 1060864K
  class space    used 1139K, capacity 1174K, committed 1280K, reserved 1048576K
}
Event: 0.811 GC heap before
{Heap before GC invocations=1 (full 0):
 garbage-first heap   total 126976K, used 43960K [0x0000000084400000, 0x0000000100000000)
  region size 1024K, 41 young (41984K), 3 survivors (3072K)
 Metaspace       used 20986K, capacity 21184K, committed 21248K, reserved 1069056K
  class space    used 2229K, capacity 2293K, committed 2304K, reserved 1048576K
}
Event: 0.820 GC heap after
{Heap after GC invocations=2 (full 0):
 garbage-first heap   total 126976K, used 9655K [0x0000000084400000, 0x0000000100000000)
  region size 1024K, 7 young (7168K), 7 survivors (7168K)
 Metaspace       used 20986K, capacity 21184K, committed 21248K, reserved 1069056K
  class space    used 2229K, capacity 2293K, committed 2304K, reserved 1048576K
}
Event: 1.531 GC heap before
{Heap before GC invocations=3 (full 0):
 garbage-first heap   total 126976K, used 73143K [0x0000000084400000, 0x0000000100000000)
  region size 1024K, 57 young (58368K), 7 survivors (7168K)
 Metaspace       used 30785K, capacity 31295K, committed 31484K, reserved 1077248K
  class space    used 3609K, capacity 3799K, committed 3840K, reserved 1048576K
}
Event: 1.548 GC heap after
{Heap after GC invocations=4 (full 0):
 garbage-first heap   total 126976K, used 24383K [0x0000000084400000, 0x0000000100000000)
  region size 1024K, 8 young (8192K), 8 survivors (8192K)
 Metaspace       used 30785K, capacity 31295K, committed 31484K, reserved 1077248K
  class space    used 3609K, capacity 3799K, committed 3840K, reserved 1048576K
}
Event: 1.765 GC heap before
{Heap before GC invocations=4 (full 0):
 garbage-first heap   total 126976K, used 46911K [0x0000000084400000, 0x0000000100000000)
  region size 1024K, 31 young (31744K), 8 survivors (8192K)
 Metaspace       used 35489K, capacity 35940K, committed 36048K, reserved 1081344K
  class space    used 4138K, capacity 4322K, committed 4352K, reserved 1048576K
}
Event: 1.779 GC heap after
{Heap after GC invocations=5 (full 0):
 garbage-first heap   total 126976K, used 25100K [0x0000000084400000, 0x0000000100000000)
  region size 1024K, 3 young (3072K), 3 survivors (3072K)
 Metaspace       used 35489K, capacity 35940K, committed 36048K, reserved 1081344K
  class space    used 4138K, capacity 4322K, committed 4352K, reserved 1048576K
}
Event: 2.357 GC heap before
{Heap before GC invocations=6 (full 0):
 garbage-first heap   total 126976K, used 74252K [0x0000000084400000, 0x0000000100000000)
  region size 1024K, 49 young (50176K), 3 survivors (3072K)
 Metaspace       used 44942K, capacity 45475K, committed 45648K, reserved 1089536K
  class space    used 5251K, capacity 5447K, committed 5504K, reserved 1048576K
}
Event: 2.366 GC heap after
{Heap after GC invocations=7 (full 0):
 garbage-first heap   total 166912K, used 31744K [0x0000000084400000, 0x0000000100000000)
  region size 1024K, 7 young (7168K), 7 survivors (7168K)
 Metaspace       used 44942K, capacity 45475K, committed 45648K, reserved 1089536K
  class space    used 5251K, capacity 5447K, committed 5504K, reserved 1048576K
}
Event: 3.206 GC heap before
{Heap before GC invocations=7 (full 0):
 garbage-first heap   total 166912K, used 95232K [0x0000000084400000, 0x0000000100000000)
  region size 1024K, 68 young (69632K), 7 survivors (7168K)
 Metaspace       used 50550K, capacity 51223K, committed 51408K, reserved 1095680K
  class space    used 5813K, capacity 6066K, committed 6144K, reserved 1048576K
}
Event: 3.221 GC heap after
{Heap after GC invocations=8 (full 0):
 garbage-first heap   total 166912K, used 39856K [0x0000000084400000, 0x0000000100000000)
  region size 1024K, 8 young (8192K), 8 survivors (8192K)
 Metaspace       used 50550K, capacity 51223K, committed 51408K, reserved 1095680K
  class space    used 5813K, capacity 6066K, committed 6144K, reserved 1048576K
}
Event: 4.356 GC heap before
{Heap before GC invocations=8 (full 0):
 garbage-first heap   total 166912K, used 104368K [0x0000000084400000, 0x0000000100000000)
  region size 1024K, 71 young (72704K), 8 survivors (8192K)
 Metaspace       used 54928K, capacity 55563K, committed 55888K, reserved 1099776K
  class space    used 6154K, capacity 6417K, committed 6528K, reserved 1048576K
}
Event: 4.381 GC heap after
{Heap after GC invocations=9 (full 0):
 garbage-first heap   total 166912K, used 52590K [0x0000000084400000, 0x0000000100000000)
  region size 1024K, 9 young (9216K), 9 survivors (9216K)
 Metaspace       used 54928K, capacity 55563K, committed 55888K, reserved 1099776K
  class space    used 6154K, capacity 6417K, committed 6528K, reserved 1048576K
}
Event: 4.873 GC heap before
{Heap before GC invocations=9 (full 0):
 garbage-first heap   total 166912K, used 111982K [0x0000000084400000, 0x0000000100000000)
  region size 1024K, 67 young (68608K), 9 survivors (9216K)
 Metaspace       used 55228K, capacity 55884K, committed 56144K, reserved 1099776K
  class space    used 6160K, capacity 6417K, committed 6528K, reserved 1048576K
}
Event: 4.896 GC heap after
{Heap after GC invocations=10 (full 0):
 garbage-first heap   total 166912K, used 62976K [0x0000000084400000, 0x0000000100000000)
  region size 1024K, 9 young (9216K), 9 survivors (9216K)
 Metaspace       used 55228K, capacity 55884K, committed 56144K, reserved 1099776K
  class space    used 6160K, capacity 6417K, committed 6528K, reserved 1048576K
}
Event: 5.219 GC heap before
{Heap before GC invocations=10 (full 0):
 garbage-first heap   total 166912K, used 118272K [0x0000000084400000, 0x0000000100000000)
  region size 1024K, 63 young (64512K), 9 survivors (9216K)
 Metaspace       used 56179K, capacity 56869K, committed 57040K, reserved 1099776K
  class space    used 6275K, capacity 6552K, committed 6656K, reserved 1048576K
}
Event: 5.241 GC heap after
{Heap after GC invocations=11 (full 0):
 garbage-first heap   total 218112K, used 71680K [0x0000000084400000, 0x0000000100000000)
  region size 1024K, 8 young (8192K), 8 survivors (8192K)
 Metaspace       used 56179K, capacity 56869K, committed 57040K, reserved 1099776K
  class space    used 6275K, capacity 6552K, committed 6656K, reserved 1048576K
}

